Determining if the pthread_create exist failed with the following output:
Change Dir: /home/duckielu/duckiebot/catkin_ws/build/CMakeFiles/CMakeTmp

Run Build Command:"/usr/bin/make" "cmTC_75e4b/fast"
/usr/bin/make -f CMakeFiles/cmTC_75e4b.dir/build.make CMakeFiles/cmTC_75e4b.dir/build
make[1]: Entering directory '/home/duckielu/duckiebot/catkin_ws/build/CMakeFiles/CMakeTmp'
Building C object CMakeFiles/cmTC_75e4b.dir/CheckSymbolExists.c.o
/usr/bin/cc    -o CMakeFiles/cmTC_75e4b.dir/CheckSymbolExists.c.o   -c /home/duckielu/duckiebot/catkin_ws/build/CMakeFiles/CMakeTmp/CheckSymbolExists.c
Linking C executable cmTC_75e4b
/usr/bin/cmake -E cmake_link_script CMakeFiles/cmTC_75e4b.dir/link.txt --verbose=1
/usr/bin/cc      -rdynamic CMakeFiles/cmTC_75e4b.dir/CheckSymbolExists.c.o  -o cmTC_75e4b 
CMakeFiles/cmTC_75e4b.dir/CheckSymbolExists.c.o: In function `main':
CheckSymbolExists.c:(.text+0x2c): undefined reference to `pthread_create'
collect2: error: ld returned 1 exit status
CMakeFiles/cmTC_75e4b.dir/build.make:97: recipe for target 'cmTC_75e4b' failed
make[1]: *** [cmTC_75e4b] Error 1
make[1]: Leaving directory '/home/duckielu/duckiebot/catkin_ws/build/CMakeFiles/CMakeTmp'
Makefile:126: recipe for target 'cmTC_75e4b/fast' failed
make: *** [cmTC_75e4b/fast] Error 2

File /home/duckielu/duckiebot/catkin_ws/build/CMakeFiles/CMakeTmp/CheckSymbolExists.c:
/* */
#include <pthread.h>

int main(int argc, char** argv)
{
  (void)argv;
#ifndef pthread_create
  return ((int*)(&pthread_create))[argc];
#else
  (void)argc;
  return 0;
#endif
}

Determining if the function pthread_create exists in the pthreads failed with the following output:
Change Dir: /home/duckielu/duckiebot/catkin_ws/build/CMakeFiles/CMakeTmp

Run Build Command:"/usr/bin/make" "cmTC_31eea/fast"
/usr/bin/make -f CMakeFiles/cmTC_31eea.dir/build.make CMakeFiles/cmTC_31eea.dir/build
make[1]: Entering directory '/home/duckielu/duckiebot/catkin_ws/build/CMakeFiles/CMakeTmp'
Building C object CMakeFiles/cmTC_31eea.dir/CheckFunctionExists.c.o
/usr/bin/cc   -DCHECK_FUNCTION_EXISTS=pthread_create   -o CMakeFiles/cmTC_31eea.dir/CheckFunctionExists.c.o   -c /usr/share/cmake-3.10/Modules/CheckFunctionExists.c
Linking C executable cmTC_31eea
/usr/bin/cmake -E cmake_link_script CMakeFiles/cmTC_31eea.dir/link.txt --verbose=1
/usr/bin/cc  -DCHECK_FUNCTION_EXISTS=pthread_create    -rdynamic CMakeFiles/cmTC_31eea.dir/CheckFunctionExists.c.o  -o cmTC_31eea -lpthreads 
/usr/bin/ld: cannot find -lpthreads
collect2: error: ld returned 1 exit status
CMakeFiles/cmTC_31eea.dir/build.make:97: recipe for target 'cmTC_31eea' failed
make[1]: *** [cmTC_31eea] Error 1
make[1]: Leaving directory '/home/duckielu/duckiebot/catkin_ws/build/CMakeFiles/CMakeTmp'
Makefile:126: recipe for target 'cmTC_31eea/fast' failed
make: *** [cmTC_31eea/fast] Error 2


